<?xml version="1.0" encoding="UTF-8"?>
<testng-results ignored="0" total="1" passed="1" failed="0" skipped="0">
  <reporter-output>
  </reporter-output>
  <suite started-at="2025-12-11T12:40:50 IST" name="Default suite" finished-at="2025-12-11T12:41:19 IST" duration-ms="28338">
    <groups>
    </groups>
    <test started-at="2025-12-11T12:40:50 IST" name="Default test" finished-at="2025-12-11T12:41:19 IST" duration-ms="28338">
      <class name="testPackage.ValidLoginTest">
        <test-method is-config="true" signature="setUp()[pri:0, instance:testPackage.ValidLoginTest@7e057f43]" started-at="2025-12-11T12:40:50 IST" name="setUp" finished-at="2025-12-11T12:41:11 IST" duration-ms="20273" status="PASS">
          <reporter-output>
          </reporter-output>
        </test-method> <!-- setUp -->
        <test-method signature="loginTestCase()[pri:0, instance:testPackage.ValidLoginTest@7e057f43]" started-at="2025-12-11T12:41:11 IST" name="loginTestCase" finished-at="2025-12-11T12:41:17 IST" duration-ms="6118" status="PASS">
          <reporter-output>
          </reporter-output>
        </test-method> <!-- loginTestCase -->
        <test-method is-config="true" signature="tearDown()[pri:0, instance:testPackage.ValidLoginTest@7e057f43]" started-at="2025-12-11T12:41:17 IST" name="tearDown" finished-at="2025-12-11T12:41:19 IST" duration-ms="1887" status="PASS">
          <reporter-output>
          </reporter-output>
        </test-method> <!-- tearDown -->
      </class> <!-- testPackage.ValidLoginTest -->
    </test> <!-- Default test -->
  </suite> <!-- Default suite -->
</testng-results>
